============================= test session starts ==============================
platform linux -- Python 3.12.13, pytest-9.1.1, pluggy-1.6.0
rootdir: /app
plugins: cov-7.1.0, locust-2.44.4, anyio-4.14.0
collected 9 items

tests/test_api.py .........                                              [100%]

=============================== warnings summary ===============================
../opt/venv/lib/python3.12/site-packages/fastapi/testclient.py:1
  /opt/venv/lib/python3.12/site-packages/fastapi/testclient.py:1: StarletteDeprecationWarning: Using `httpx` with `starlette.testclient` is deprecated; install `httpx2` instead.
    from starlette.testclient import TestClient as TestClient  # noqa

../opt/venv/lib/python3.12/site-packages/passlib/utils/__init__.py:854
  /opt/venv/lib/python3.12/site-packages/passlib/utils/__init__.py:854: DeprecationWarning: 'crypt' is deprecated and slated for removal in Python 3.13
    from crypt import crypt as _crypt

../opt/venv/lib/python3.12/site-packages/pythonjsonlogger/jsonlogger.py:11
  /opt/venv/lib/python3.12/site-packages/pythonjsonlogger/jsonlogger.py:11: DeprecationWarning: pythonjsonlogger.jsonlogger has been moved to pythonjsonlogger.json
    warnings.warn(

tests/test_api.py::test_triage
  /app/src/services/kafka_producer.py:33: DeprecationWarning: value_serializer does not implement kafka.serializer.Serializer
    return KafkaProducerClient.get_producer()

tests/test_api.py::test_triage
  /app/src/api/triage.py:27: PydanticDeprecatedSince20: The `dict` method is deprecated; use `model_dump` instead. Deprecated in Pydantic V2.0 to be removed in V3.0. See Pydantic V2 Migration Guide at https://errors.pydantic.dev/2.13/migration/
    scores_dict = triage.scores.dict()

tests/test_api.py::test_ugc_reviews
  /app/src/api/ugc.py:23: PydanticDeprecatedSince20: The `dict` method is deprecated; use `model_dump` instead. Deprecated in Pydantic V2.0 to be removed in V3.0. See Pydantic V2 Migration Guide at https://errors.pydantic.dev/2.13/migration/
    background_tasks.add_task(dispatch_async_event, producer, "review", review.dict())

-- Docs: https://docs.pytest.org/en/stable/how-to/capture-warnings.html
================================ tests coverage ================================
_______________ coverage: platform linux, python 3.12.13-final-0 _______________

Name                               Stmts   Miss  Cover   Missing
----------------------------------------------------------------
src/api/appointments.py               66     50    24%   20-78, 94-117, 139-156
src/api/auth.py                      104     69    34%   22-59, 68-74, 83-123, 136-150, 154-159, 166, 178-183
src/api/me.py                        146    113    23%   22, 39-56, 72-91, 100-162, 170-182, 189-192, 201-221, 227, 250-313
src/api/psychologists.py             120     86    28%   44-96, 104-129, 139-198, 205-219
src/api/specialties.py                12      0   100%
src/api/triage.py                     33      4    88%   32, 36, 61-62
src/api/ugc.py                        19      2    89%   32-33
src/core/dependencies.py              32     22    31%   11-27, 30-36, 39-42
src/core/events.py                    15      3    80%   12, 23-24
src/core/security.py                  46     24    48%   17, 22, 26-30, 33-37, 40-46, 49-53
src/db/database.py                    17      0   100%
src/models/domain.py                  93      0   100%
src/models/schemas.py                144      0   100%
src/services/es_client.py             32      4    88%   21-24
src/services/kafka_producer.py        24      5    79%   22-23, 28-30
src/services/mongo_client.py          16      5    69%   15-18, 21
src/services/redis_client.py          21      4    81%   21-24
src/services/schedule_service.py      10      7    30%   6-13
----------------------------------------------------------------
TOTAL                                950    398    58%
======================== 9 passed, 6 warnings in 2.27s =========================
